--------------------------------- Version Log ----------------------------------
Version                                 Path
System Generator 14.6                   /usr/local/Xilinx/14.6/ISE_DS/ISE/sysgen
Matlab 7.14.0.739 (R2012a)              /usr/local/MATLAB/R2012a
ISE                                     /usr/local/Xilinx/14.6/ISE_DS/ISE
--------------------------------------------------------------------------------
Summary of Errors:
Error 0001: ERROR: A license checkout has failed for System Generator...
     Block: Unspecified
--------------------------------------------------------------------------------

Error 0001:

Reported by:
  Unspecified

Details:
ERROR: A license checkout has failed for System Generator for DSP (SysGen).

Please launch Xilinx License Configuration Manager (xlcm) program
to make sure that a valid license exists and it can be found by
the program.
In order to set XILINXD_LICENSE_FILE environment variable
correctly do the following.
1. Close the design and exit MATLAB.
2. Set environment variable, XILINXD_LICENSE_FILE, to point to
the valid license file or the license server.
3. Relaunch MATLAB and start System Generator process.


------------------- A message from the license manager --------------
INFO:Security:51 - The XILINXD_LICENSE_FILE environment variable
is not set.
INFO:Security:53 - The LM_LICENSE_FILE environment variable is
not set.
INFO:Security:71 - If a license for part 'xc5vsx95t' is
available, it will be possible to use 'SysGen_TDP' instead of 'SysGen'.
INFO:Security:68a - user is prajwal, on host qweak.lns.mit.edu.
WARNING:Security:43 - No license file was found in the standard
Xilinx license directory.
WARNING:Security:44 - Since no license file was found,
       please run the Xilinx License Configuration Manager
       (xlcm or "Manage Xilinx Licenses")
       to assist in obtaining a license.
WARNING:Security:9b - No 'SysGen' feature version 2013.06 was
available for part 'xc5vsx95t'.
ERROR:Security:12 - No 'xc5vsx95t' feature version 2013.06 was
available (-15),
     so 'SysGen_TDP' may not be used.

---------------------------------------------------------------------
Cannot connect to license server system.
 The license server manager (lmgrd) has not been started yet,
 the wrong port@host or license file is being used, or the
 port or hostname in the license file has been changed.
Feature:       SysGen
Server name:   localhost
License path:  /root/.Xilinx/*.lic:/usr/local/Xilinx/14.6/ISE_DS/ISE/data/*.lic:/usr/local/Xilinx/14.6/ISE_DS/ISE/coregen/core_licenses/Xilinx.lic:/usr/local/Xilinx/14.6/ISE_DS/ISE/coregen/core_licenses/XilinxFree.lic:/usr/local/Xilinx/14.6/ISE_DS/EDK/data/core_licenses/Xilinx.lic:@localhost:
FLEXnet Licensing error:-15,570.  System Error: 115 "Operation
now in progress"
For further information, refer to the FLEXnet Licensing documentation,
available at "www.flexerasoftware.com".Cannot connect to license
server system.
 The license server manager (lmgrd) has not been started yet,
 the wrong port@host or license file is being used, or the
 port or hostname in the license file has been changed.
Feature:       xc5vsx95t
Server name:   localhost
License path:  /root/.Xilinx/*.lic:/usr/local/Xilinx/14.6/ISE_DS/ISE/data/*.lic:/usr/local/Xilinx/14.6/ISE_DS/ISE/coregen/core_licenses/Xilinx.lic:/usr/local/Xilinx/14.6/ISE_DS/ISE/coregen/core_licenses/XilinxFree.lic:/usr/local/Xilinx/14.6/ISE_DS/EDK/data/core_licenses/Xilinx.lic:@localhost:
FLEXnet Licensing error:-15,570.  System Error: 115 "Operation
now in progress"
For further information, refer to the FLEXnet Licensing documentation,
available at "www.flexerasoftware.com".
---------------------------------------------------------------------

--------------------------------------------------------------------------------
