/afs/lns.mit.edu/user/prajwal/casper/iADC/interleaved_adc_64/XPS_ROACH_base/implementation/system.ngc 1396579726
/afs/lns.mit.edu/user/prajwal/casper/iADC/interleaved_adc_64/XPS_ROACH_base/implementation/system_infrastructure_inst_wrapper.ngc 1396579500
/afs/lns.mit.edu/user/prajwal/casper/iADC/interleaved_adc_64/XPS_ROACH_base/implementation/system_reset_block_inst_wrapper.ngc 1396579507
/afs/lns.mit.edu/user/prajwal/casper/iADC/interleaved_adc_64/XPS_ROACH_base/implementation/system_opb0_wrapper.ngc 1396579519
/afs/lns.mit.edu/user/prajwal/casper/iADC/interleaved_adc_64/XPS_ROACH_base/implementation/system_epb_opb_bridge_inst_wrapper.ngc 1396579528
/afs/lns.mit.edu/user/prajwal/casper/iADC/interleaved_adc_64/XPS_ROACH_base/implementation/system_epb_infrastructure_inst_wrapper.ngc 1396579536
/afs/lns.mit.edu/user/prajwal/casper/iADC/interleaved_adc_64/XPS_ROACH_base/implementation/system_sys_block_inst_wrapper.ngc 1396579545
/afs/lns.mit.edu/user/prajwal/casper/iADC/interleaved_adc_64/XPS_ROACH_base/implementation/system_opb_adccontroller_0_wrapper.ngc 1396579557
/afs/lns.mit.edu/user/prajwal/casper/iADC/interleaved_adc_64/XPS_ROACH_base/implementation/system_interleaved_adc_64_xsg_core_config_wrapper.ngc 1396579687
/afs/lns.mit.edu/user/prajwal/casper/iADC/interleaved_adc_64/XPS_ROACH_base/implementation/system_interleaved_adc_64_adc_wrapper.ngc 1396579696
/afs/lns.mit.edu/user/prajwal/casper/iADC/interleaved_adc_64/XPS_ROACH_base/implementation/system_interleaved_adc_64_snap64_addr_wrapper.ngc 1396579582
/afs/lns.mit.edu/user/prajwal/casper/iADC/interleaved_adc_64/XPS_ROACH_base/implementation/system_interleaved_adc_64_snap64_bram_lsb_ramif_wrapper.ngc 1396579590
/afs/lns.mit.edu/user/prajwal/casper/iADC/interleaved_adc_64/XPS_ROACH_base/implementation/system_interleaved_adc_64_snap64_bram_lsb_ramblk_wrapper.ngc 1396579615
/afs/lns.mit.edu/user/prajwal/casper/iADC/interleaved_adc_64/XPS_ROACH_base/implementation/system_interleaved_adc_64_snap64_bram_lsb_wrapper.ngc 1396579623
/afs/lns.mit.edu/user/prajwal/casper/iADC/interleaved_adc_64/XPS_ROACH_base/implementation/system_interleaved_adc_64_snap64_bram_msb_ramif_wrapper.ngc 1396579631
/afs/lns.mit.edu/user/prajwal/casper/iADC/interleaved_adc_64/XPS_ROACH_base/implementation/system_interleaved_adc_64_snap64_bram_msb_ramblk_wrapper.ngc 1396579656
/afs/lns.mit.edu/user/prajwal/casper/iADC/interleaved_adc_64/XPS_ROACH_base/implementation/system_interleaved_adc_64_snap64_bram_msb_wrapper.ngc 1396579665
/afs/lns.mit.edu/user/prajwal/casper/iADC/interleaved_adc_64/XPS_ROACH_base/implementation/system_interleaved_adc_64_snap64_ctrl_wrapper.ngc 1396579673
/afs/lns.mit.edu/user/prajwal/casper/iADC/interleaved_adc_64/XPS_ROACH_base/implementation/system_interleaved_adc_64_trigger_wrapper.ngc 1396579682
OK
